[0m23:29:11.255680 [debug] [MainThread]: Sending event: {'category': 'dbt', 'action': 'invocation', 'label': 'start', 'context': [<snowplow_tracker.self_describing_json.SelfDescribingJson object at 0x1038b2ed0>, <snowplow_tracker.self_describing_json.SelfDescribingJson object at 0x1068680b0>, <snowplow_tracker.self_describing_json.SelfDescribingJson object at 0x1078a4ef0>]}


============================== 23:29:11.258550 | 2044f32f-de55-4d50-8b49-6181190cff4e ==============================
[0m23:29:11.258550 [info ] [MainThread]: Running with dbt=1.11.8
[0m23:29:11.258839 [debug] [MainThread]: running dbt with arguments {'use_experimental_parser': 'False', 'send_anonymous_usage_stats': 'True', 'use_colors': 'True', 'target_path': 'None', 'log_cache_events': 'False', 'invocation_command': 'dbt init --skip-profile-setup airbnb', 'partial_parse': 'True', 'write_json': 'True', 'log_format': 'default', 'cache_selected_only': 'False', 'warn_error': 'None', 'printer_width': '80', 'debug': 'False', 'indirect_selection': 'eager', 'version_check': 'True', 'static_parser': 'True', 'fail_fast': 'False', 'warn_error_options': 'WarnErrorOptionsV2(error=[], warn=[], silence=[])', 'profiles_dir': '/Users/instrafi/.dbt', 'log_path': 'logs', 'quiet': 'False', 'empty': 'None', 'introspect': 'True', 'no_print': 'None'}
[0m23:29:11.268343 [info ] [MainThread]: Creating dbt configuration folder at /Users/instrafi/.dbt
[0m23:29:11.269274 [debug] [MainThread]: Starter project path: /opt/anaconda3/lib/python3.12/site-packages/dbt/include/starter_project
[0m23:29:11.272970 [info ] [MainThread]: 
Your new dbt project "airbnb" was created!

For more information on how to configure the profiles.yml file,
please consult the dbt documentation here:

  https://docs.getdbt.com/docs/configure-your-profile

One more thing:

Need help? Don't hesitate to reach out to us via GitHub issues or on Slack:

  https://community.getdbt.com/

Happy modeling!

[0m23:29:11.286547 [debug] [MainThread]: Resource report: {"command_name": "init", "command_success": true, "command_wall_clock_time": 0.068244874, "process_in_blocks": "0", "process_kernel_time": 0.182322, "process_mem_max_rss": "113491968", "process_out_blocks": "0", "process_user_time": 0.696764}
[0m23:29:11.286800 [debug] [MainThread]: Command `dbt init` succeeded at 23:29:11.286749 after 0.07 seconds
[0m23:29:11.286974 [debug] [MainThread]: Sending event: {'category': 'dbt', 'action': 'invocation', 'label': 'end', 'context': [<snowplow_tracker.self_describing_json.SelfDescribingJson object at 0x1038b2ed0>, <snowplow_tracker.self_describing_json.SelfDescribingJson object at 0x1078b42c0>, <snowplow_tracker.self_describing_json.SelfDescribingJson object at 0x1078a4fe0>]}
[0m23:29:11.287142 [debug] [MainThread]: Flushing usage events
[0m23:29:12.020136 [debug] [MainThread]: An error was encountered while trying to flush usage events
[0m23:33:37.026544 [debug] [MainThread]: Sending event: {'category': 'dbt', 'action': 'invocation', 'label': 'start', 'context': [<snowplow_tracker.self_describing_json.SelfDescribingJson object at 0x10976f3e0>, <snowplow_tracker.self_describing_json.SelfDescribingJson object at 0x1097a34d0>, <snowplow_tracker.self_describing_json.SelfDescribingJson object at 0x10aa262d0>]}


============================== 23:33:37.029652 | c934e200-f4f4-4aed-b4b9-055eedaed8b0 ==============================
[0m23:33:37.029652 [info ] [MainThread]: Running with dbt=1.11.7
[0m23:33:37.029980 [debug] [MainThread]: running dbt with arguments {'write_json': 'True', 'target_path': 'None', 'quiet': 'False', 'cache_selected_only': 'False', 'indirect_selection': 'eager', 'empty': 'None', 'static_parser': 'True', 'version_check': 'True', 'log_path': 'logs', 'log_cache_events': 'False', 'warn_error': 'None', 'introspect': 'True', 'use_colors': 'True', 'log_format': 'default', 'profiles_dir': '/Users/instrafi/.dbt', 'fail_fast': 'False', 'no_print': 'None', 'debug': 'False', 'send_anonymous_usage_stats': 'True', 'invocation_command': 'dbt init --skip-profile-setup airbnb', 'printer_width': '80', 'use_experimental_parser': 'False', 'warn_error_options': 'WarnErrorOptionsV2(error=[], warn=[], silence=[])', 'partial_parse': 'True'}
[0m23:33:37.064330 [info ] [MainThread]: A project called airbnb already exists here.
[0m23:33:37.066658 [debug] [MainThread]: Resource report: {"command_name": "init", "command_success": true, "command_wall_clock_time": 0.08052237, "process_in_blocks": "0", "process_kernel_time": 0.175022, "process_mem_max_rss": "116768768", "process_out_blocks": "0", "process_user_time": 0.736694}
[0m23:33:37.066946 [debug] [MainThread]: Command `dbt init` succeeded at 23:33:37.066895 after 0.08 seconds
[0m23:33:37.067141 [debug] [MainThread]: Sending event: {'category': 'dbt', 'action': 'invocation', 'label': 'end', 'context': [<snowplow_tracker.self_describing_json.SelfDescribingJson object at 0x10a3c6f00>, <snowplow_tracker.self_describing_json.SelfDescribingJson object at 0x10aa27590>, <snowplow_tracker.self_describing_json.SelfDescribingJson object at 0x108ed9280>]}
[0m23:33:37.067315 [debug] [MainThread]: Flushing usage events
[0m23:33:37.786021 [debug] [MainThread]: An error was encountered while trying to flush usage events
[0m09:12:17.710879 [debug] [MainThread]: Sending event: {'category': 'dbt', 'action': 'invocation', 'label': 'start', 'context': [<snowplow_tracker.self_describing_json.SelfDescribingJson object at 0x11b12bbf0>, <snowplow_tracker.self_describing_json.SelfDescribingJson object at 0x11c126780>, <snowplow_tracker.self_describing_json.SelfDescribingJson object at 0x11c126420>]}


============================== 09:12:17.714108 | 5c98dd6c-d5ea-4ae5-b66a-406a6a543ee5 ==============================
[0m09:12:17.714108 [info ] [MainThread]: Running with dbt=1.11.7
[0m09:12:17.714410 [debug] [MainThread]: running dbt with arguments {'printer_width': '80', 'no_print': 'None', 'cache_selected_only': 'False', 'warn_error': 'None', 'indirect_selection': 'eager', 'fail_fast': 'False', 'version_check': 'True', 'profiles_dir': '/Users/instrafi/.dbt', 'target_path': 'None', 'log_format': 'default', 'log_path': 'logs', 'quiet': 'False', 'use_experimental_parser': 'False', 'invocation_command': 'dbt debug', 'warn_error_options': 'WarnErrorOptionsV2(error=[], warn=[], silence=[])', 'write_json': 'True', 'debug': 'False', 'partial_parse': 'True', 'empty': 'None', 'use_colors': 'True', 'send_anonymous_usage_stats': 'True', 'log_cache_events': 'False', 'introspect': 'True', 'static_parser': 'True'}
[0m09:12:17.725866 [info ] [MainThread]: dbt version: 1.11.7
[0m09:12:17.726082 [info ] [MainThread]: python version: 3.12.7
[0m09:12:17.726224 [info ] [MainThread]: python path: /Users/instrafi/Library/CloudStorage/OneDrive-Personal/1. Analytic Engineer/The complete dbt bootcamp/dbt-project/.venv/bin/python
[0m09:12:17.726356 [info ] [MainThread]: os info: macOS-15.7.4-arm64-arm-64bit
[0m09:12:17.726488 [info ] [MainThread]: Using profiles dir at /Users/instrafi/.dbt
[0m09:12:17.726605 [info ] [MainThread]: Using profiles.yml file at /Users/instrafi/.dbt/profiles.yml
[0m09:12:17.726721 [info ] [MainThread]: Using dbt_project.yml file at /Users/instrafi/Library/CloudStorage/OneDrive-Personal/1. Analytic Engineer/The complete dbt bootcamp/dbt-project/dbt_project.yml
[0m09:12:17.726840 [info ] [MainThread]: Configuration:
[0m09:12:17.726956 [info ] [MainThread]:   profiles.yml file [[31mERROR not found[0m]
[0m09:12:17.727068 [info ] [MainThread]:   dbt_project.yml file [[31mERROR not found[0m]
[0m09:12:17.727368 [info ] [MainThread]: Required dependencies:
[0m09:12:17.727573 [debug] [MainThread]: Executing "git --help"
[0m09:12:17.744209 [debug] [MainThread]: STDOUT: "b"usage: git [-v | --version] [-h | --help] [-C <path>] [-c <name>=<value>]\n           [--exec-path[=<path>]] [--html-path] [--man-path] [--info-path]\n           [-p | --paginate | -P | --no-pager] [--no-replace-objects] [--no-lazy-fetch]\n           [--no-optional-locks] [--no-advice] [--bare] [--git-dir=<path>]\n           [--work-tree=<path>] [--namespace=<name>] [--config-env=<name>=<envvar>]\n           <command> [<args>]\n\nThese are common Git commands used in various situations:\n\nstart a working area (see also: git help tutorial)\n   clone     Clone a repository into a new directory\n   init      Create an empty Git repository or reinitialize an existing one\n\nwork on the current change (see also: git help everyday)\n   add       Add file contents to the index\n   mv        Move or rename a file, a directory, or a symlink\n   restore   Restore working tree files\n   rm        Remove files from the working tree and from the index\n\nexamine the history and state (see also: git help revisions)\n   bisect    Use binary search to find the commit that introduced a bug\n   diff      Show changes between commits, commit and working tree, etc\n   grep      Print lines matching a pattern\n   log       Show commit logs\n   show      Show various types of objects\n   status    Show the working tree status\n\ngrow, mark and tweak your common history\n   branch    List, create, or delete branches\n   commit    Record changes to the repository\n   merge     Join two or more development histories together\n   rebase    Reapply commits on top of another base tip\n   reset     Reset current HEAD to the specified state\n   switch    Switch branches\n   tag       Create, list, delete or verify a tag object signed with GPG\n\ncollaborate (see also: git help workflows)\n   fetch     Download objects and refs from another repository\n   pull      Fetch from and integrate with another repository or a local branch\n   push      Update remote refs along with associated objects\n\n'git help -a' and 'git help -g' list available subcommands and some\nconcept guides. See 'git help <command>' or 'git help <concept>'\nto read about a specific subcommand or concept.\nSee 'git help git' for an overview of the system.\n""
[0m09:12:17.744901 [debug] [MainThread]: STDERR: "b''"
[0m09:12:17.745093 [info ] [MainThread]:  - git [[32mOK found[0m]

[0m09:12:17.745248 [info ] [MainThread]: Connection test skipped since no profile was found
[0m09:12:17.745475 [info ] [MainThread]: [31m2 checks failed:[0m
[0m09:12:17.745600 [info ] [MainThread]: dbt looked for a profiles.yml file in /Users/instrafi/.dbt/profiles.yml, but did
not find one. For more information on configuring your profile, consult the
documentation:

https://docs.getdbt.com/docs/configure-your-profile


[0m09:12:17.745731 [info ] [MainThread]: Project loading failed for the following reason:
 project path </Users/instrafi/Library/CloudStorage/OneDrive-Personal/1. Analytic Engineer/The complete dbt bootcamp/dbt-project/dbt_project.yml> not found

[0m09:12:17.748119 [debug] [MainThread]: Resource report: {"command_name": "debug", "command_success": false, "command_wall_clock_time": 0.08158696, "process_in_blocks": "0", "process_kernel_time": 0.180843, "process_mem_max_rss": "115654656", "process_out_blocks": "0", "process_user_time": 0.705398}
[0m09:12:17.748520 [debug] [MainThread]: Command `dbt debug` failed at 09:12:17.748461 after 0.08 seconds
[0m09:12:17.748823 [debug] [MainThread]: Sending event: {'category': 'dbt', 'action': 'invocation', 'label': 'end', 'context': [<snowplow_tracker.self_describing_json.SelfDescribingJson object at 0x11c126660>, <snowplow_tracker.self_describing_json.SelfDescribingJson object at 0x11b12bbf0>, <snowplow_tracker.self_describing_json.SelfDescribingJson object at 0x11a8d9190>]}
[0m09:12:17.749121 [debug] [MainThread]: Flushing usage events
[0m09:12:18.517759 [debug] [MainThread]: An error was encountered while trying to flush usage events
[0m09:22:22.727838 [debug] [MainThread]: Sending event: {'category': 'dbt', 'action': 'invocation', 'label': 'start', 'context': [<snowplow_tracker.self_describing_json.SelfDescribingJson object at 0x10ba2bd70>, <snowplow_tracker.self_describing_json.SelfDescribingJson object at 0x10c4229c0>, <snowplow_tracker.self_describing_json.SelfDescribingJson object at 0x10c422630>]}


============================== 09:22:22.730927 | bdc30cac-2784-45a4-8ea1-8d7a37bc1444 ==============================
[0m09:22:22.730927 [info ] [MainThread]: Running with dbt=1.11.7
[0m09:22:22.731255 [debug] [MainThread]: running dbt with arguments {'log_cache_events': 'False', 'invocation_command': 'dbt debug', 'warn_error': 'None', 'static_parser': 'True', 'use_experimental_parser': 'False', 'version_check': 'True', 'log_format': 'default', 'write_json': 'True', 'fail_fast': 'False', 'warn_error_options': 'WarnErrorOptionsV2(error=[], warn=[], silence=[])', 'indirect_selection': 'eager', 'profiles_dir': '.', 'target_path': 'None', 'introspect': 'True', 'use_colors': 'True', 'no_print': 'None', 'send_anonymous_usage_stats': 'True', 'debug': 'False', 'printer_width': '80', 'cache_selected_only': 'False', 'quiet': 'False', 'log_path': 'logs', 'empty': 'None', 'partial_parse': 'True'}
[0m09:22:22.739945 [info ] [MainThread]: dbt version: 1.11.7
[0m09:22:22.740154 [info ] [MainThread]: python version: 3.12.7
[0m09:22:22.740299 [info ] [MainThread]: python path: /Users/instrafi/Library/CloudStorage/OneDrive-Personal/1. Analytic Engineer/The complete dbt bootcamp/dbt-project/.venv/bin/python
[0m09:22:22.740475 [info ] [MainThread]: os info: macOS-15.7.4-arm64-arm-64bit
[0m09:22:22.740653 [info ] [MainThread]: Using profiles dir at .
[0m09:22:22.740779 [info ] [MainThread]: Using profiles.yml file at ./profiles.yml
[0m09:22:22.740898 [info ] [MainThread]: Using dbt_project.yml file at /Users/instrafi/Library/CloudStorage/OneDrive-Personal/1. Analytic Engineer/The complete dbt bootcamp/dbt-project/dbt_project.yml
[0m09:22:22.741025 [info ] [MainThread]: Configuration:
[0m09:22:22.741161 [info ] [MainThread]:   profiles.yml file [[31mERROR not found[0m]
[0m09:22:22.741299 [info ] [MainThread]:   dbt_project.yml file [[31mERROR not found[0m]
[0m09:22:22.741429 [info ] [MainThread]: Required dependencies:
[0m09:22:22.741588 [debug] [MainThread]: Executing "git --help"
[0m09:22:22.755446 [debug] [MainThread]: STDOUT: "b"usage: git [-v | --version] [-h | --help] [-C <path>] [-c <name>=<value>]\n           [--exec-path[=<path>]] [--html-path] [--man-path] [--info-path]\n           [-p | --paginate | -P | --no-pager] [--no-replace-objects] [--no-lazy-fetch]\n           [--no-optional-locks] [--no-advice] [--bare] [--git-dir=<path>]\n           [--work-tree=<path>] [--namespace=<name>] [--config-env=<name>=<envvar>]\n           <command> [<args>]\n\nThese are common Git commands used in various situations:\n\nstart a working area (see also: git help tutorial)\n   clone     Clone a repository into a new directory\n   init      Create an empty Git repository or reinitialize an existing one\n\nwork on the current change (see also: git help everyday)\n   add       Add file contents to the index\n   mv        Move or rename a file, a directory, or a symlink\n   restore   Restore working tree files\n   rm        Remove files from the working tree and from the index\n\nexamine the history and state (see also: git help revisions)\n   bisect    Use binary search to find the commit that introduced a bug\n   diff      Show changes between commits, commit and working tree, etc\n   grep      Print lines matching a pattern\n   log       Show commit logs\n   show      Show various types of objects\n   status    Show the working tree status\n\ngrow, mark and tweak your common history\n   branch    List, create, or delete branches\n   commit    Record changes to the repository\n   merge     Join two or more development histories together\n   rebase    Reapply commits on top of another base tip\n   reset     Reset current HEAD to the specified state\n   switch    Switch branches\n   tag       Create, list, delete or verify a tag object signed with GPG\n\ncollaborate (see also: git help workflows)\n   fetch     Download objects and refs from another repository\n   pull      Fetch from and integrate with another repository or a local branch\n   push      Update remote refs along with associated objects\n\n'git help -a' and 'git help -g' list available subcommands and some\nconcept guides. See 'git help <command>' or 'git help <concept>'\nto read about a specific subcommand or concept.\nSee 'git help git' for an overview of the system.\n""
[0m09:22:22.755933 [debug] [MainThread]: STDERR: "b''"
[0m09:22:22.756098 [info ] [MainThread]:  - git [[32mOK found[0m]

[0m09:22:22.756258 [info ] [MainThread]: Connection test skipped since no profile was found
[0m09:22:22.756479 [info ] [MainThread]: [31m2 checks failed:[0m
[0m09:22:22.756611 [info ] [MainThread]: dbt looked for a profiles.yml file in ./profiles.yml, but did
not find one. For more information on configuring your profile, consult the
documentation:

https://docs.getdbt.com/docs/configure-your-profile


[0m09:22:22.756743 [info ] [MainThread]: Project loading failed for the following reason:
 project path </Users/instrafi/Library/CloudStorage/OneDrive-Personal/1. Analytic Engineer/The complete dbt bootcamp/dbt-project/dbt_project.yml> not found

[0m09:22:22.759083 [debug] [MainThread]: Resource report: {"command_name": "debug", "command_success": false, "command_wall_clock_time": 0.077186085, "process_in_blocks": "0", "process_kernel_time": 0.167066, "process_mem_max_rss": "115933184", "process_out_blocks": "0", "process_user_time": 0.724134}
[0m09:22:22.759447 [debug] [MainThread]: Command `dbt debug` failed at 09:22:22.759384 after 0.08 seconds
[0m09:22:22.759794 [debug] [MainThread]: Sending event: {'category': 'dbt', 'action': 'invocation', 'label': 'end', 'context': [<snowplow_tracker.self_describing_json.SelfDescribingJson object at 0x10c422900>, <snowplow_tracker.self_describing_json.SelfDescribingJson object at 0x10c422630>, <snowplow_tracker.self_describing_json.SelfDescribingJson object at 0x10c4228d0>]}
[0m09:22:22.760104 [debug] [MainThread]: Flushing usage events
[0m09:22:23.526459 [debug] [MainThread]: An error was encountered while trying to flush usage events
[0m12:53:30.530424 [debug] [MainThread]: Sending event: {'category': 'dbt', 'action': 'invocation', 'label': 'start', 'context': [<snowplow_tracker.self_describing_json.SelfDescribingJson object at 0x108453770>, <snowplow_tracker.self_describing_json.SelfDescribingJson object at 0x10cd26bd0>, <snowplow_tracker.self_describing_json.SelfDescribingJson object at 0x10cd268a0>]}


============================== 12:53:30.534358 | 39824236-2c61-4475-8609-283e9493e77b ==============================
[0m12:53:30.534358 [info ] [MainThread]: Running with dbt=1.11.7
[0m12:53:30.534703 [debug] [MainThread]: running dbt with arguments {'target_path': 'None', 'use_experimental_parser': 'False', 'empty': 'False', 'warn_error_options': 'WarnErrorOptionsV2(error=[], warn=[], silence=[])', 'profiles_dir': '.', 'send_anonymous_usage_stats': 'True', 'static_parser': 'True', 'no_print': 'None', 'debug': 'False', 'indirect_selection': 'eager', 'quiet': 'False', 'version_check': 'True', 'log_path': 'logs', 'use_colors': 'True', 'warn_error': 'None', 'log_format': 'default', 'write_json': 'True', 'cache_selected_only': 'False', 'introspect': 'True', 'log_cache_events': 'False', 'printer_width': '80', 'invocation_command': 'dbt run', 'partial_parse': 'True', 'fail_fast': 'False'}
[0m12:53:30.535061 [error] [MainThread]: Encountered an error:
Runtime Error
  No dbt_project.yml found at expected path /Users/instrafi/Library/CloudStorage/OneDrive-Personal/1. Analytic Engineer/The complete dbt bootcamp/dbt-project/dbt_project.yml
  Verify that each entry within packages.yml (and their transitive dependencies) contains a file named dbt_project.yml
  
[0m12:53:30.537194 [debug] [MainThread]: Resource report: {"command_name": "run", "command_success": false, "command_wall_clock_time": 0.05620583, "process_in_blocks": "0", "process_kernel_time": 0.189744, "process_mem_max_rss": "112721920", "process_out_blocks": "0", "process_user_time": 0.711649}
[0m12:53:30.537488 [debug] [MainThread]: Command `dbt run` failed at 12:53:30.537437 after 0.06 seconds
[0m12:53:30.537678 [debug] [MainThread]: Sending event: {'category': 'dbt', 'action': 'invocation', 'label': 'end', 'context': [<snowplow_tracker.self_describing_json.SelfDescribingJson object at 0x10bbb2330>, <snowplow_tracker.self_describing_json.SelfDescribingJson object at 0x10bde1010>, <snowplow_tracker.self_describing_json.SelfDescribingJson object at 0x10cd26990>]}
[0m12:53:30.537872 [debug] [MainThread]: Flushing usage events
[0m12:53:31.272173 [debug] [MainThread]: An error was encountered while trying to flush usage events
[0m12:54:19.002686 [debug] [MainThread]: Sending event: {'category': 'dbt', 'action': 'invocation', 'label': 'start', 'context': [<snowplow_tracker.self_describing_json.SelfDescribingJson object at 0x1100cee70>, <snowplow_tracker.self_describing_json.SelfDescribingJson object at 0x115822b40>, <snowplow_tracker.self_describing_json.SelfDescribingJson object at 0x1158227b0>]}


============================== 12:54:19.005860 | c3bf2b48-9f92-46a9-9013-41d83e626baf ==============================
[0m12:54:19.005860 [info ] [MainThread]: Running with dbt=1.11.7
[0m12:54:19.006214 [debug] [MainThread]: running dbt with arguments {'debug': 'False', 'printer_width': '80', 'warn_error_options': 'WarnErrorOptionsV2(error=[], warn=[], silence=[])', 'log_cache_events': 'False', 'version_check': 'True', 'profiles_dir': '.', 'log_format': 'default', 'fail_fast': 'False', 'no_print': 'None', 'cache_selected_only': 'False', 'warn_error': 'None', 'indirect_selection': 'eager', 'static_parser': 'True', 'target_path': 'None', 'introspect': 'True', 'invocation_command': 'dbt run', 'use_experimental_parser': 'False', 'send_anonymous_usage_stats': 'True', 'log_path': 'logs', 'write_json': 'True', 'quiet': 'False', 'empty': 'False', 'use_colors': 'True', 'partial_parse': 'True'}
[0m12:54:19.006548 [error] [MainThread]: Encountered an error:
Runtime Error
  No dbt_project.yml found at expected path /Users/instrafi/Library/CloudStorage/OneDrive-Personal/1. Analytic Engineer/The complete dbt bootcamp/dbt-project/dbt_project.yml
  Verify that each entry within packages.yml (and their transitive dependencies) contains a file named dbt_project.yml
  
[0m12:54:19.008686 [debug] [MainThread]: Resource report: {"command_name": "run", "command_success": false, "command_wall_clock_time": 0.051234793, "process_in_blocks": "0", "process_kernel_time": 0.151373, "process_mem_max_rss": "113606656", "process_out_blocks": "0", "process_user_time": 0.703253}
[0m12:54:19.009022 [debug] [MainThread]: Command `dbt run` failed at 12:54:19.008945 after 0.05 seconds
[0m12:54:19.009213 [debug] [MainThread]: Sending event: {'category': 'dbt', 'action': 'invocation', 'label': 'end', 'context': [<snowplow_tracker.self_describing_json.SelfDescribingJson object at 0x1157a99a0>, <snowplow_tracker.self_describing_json.SelfDescribingJson object at 0x115822ab0>, <snowplow_tracker.self_describing_json.SelfDescribingJson object at 0x115822960>]}
[0m12:54:19.009387 [debug] [MainThread]: Flushing usage events
[0m12:54:19.771817 [debug] [MainThread]: An error was encountered while trying to flush usage events
{"data":{"log_version":3,"version":"=2.0.0-preview.171"},"info":{"category":"","code":"A001","extra":{},"invocation_id":"019da5f8-46a0-7ca2-ac45-b607a3618546","level":"info","msg":"Running with dbt-fusion=2.0.0-preview.171","name":"MainReportVersion","pid":21592,"thread":"tokio-rt-worker","ts":"2026-04-19T13:40:04.915803Z"}}
{"data":{"args":{"debug":"false","invocation_command":"/Users/instrafi/.local/bin/dbt license info --json --log-format json","log_format":"json","quiet":"false","write_json":"true"}},"info":{"category":"","code":"A002","extra":{},"invocation_id":"019da5f8-46a0-7ca2-ac45-b607a3618546","level":"debug","msg":"running dbt-fusion with argumets {\"command\":\"license\",\"vars\":\"{}\",\"limit\":\"10\",\"debug\":false,\"log_format\":\"json\",\"quiet\":false,\"write_json\":true,\"write_catalog\":false}","name":"MainReportArgs","pid":21592,"thread":"tokio-rt-worker","ts":"2026-04-19T13:40:04.915830Z"}}
{"data":{},"info":{"category":"","code":"","extra":{},"invocation_id":"019da5f8-46a0-7ca2-ac45-b607a3618546","level":"debug","msg":"No active cloud project configured, skipping remote license","name":"Generic","pid":21592,"thread":"tokio-rt-worker","ts":"2026-04-19T13:40:04.921621Z"}}
{"data":{"columns":[],"is_inline":true,"node_name":"license_info","output_format":"json","preview":"{\n  \"status\": \"not_found\",\n  \"licensing_enabled\": true\n}","unique_id":"license.info"},"info":{"category":"","code":"Q041","extra":{},"invocation_id":"019da5f8-46a0-7ca2-ac45-b607a3618546","level":"info","msg":"{\n  \"status\": \"not_found\",\n  \"licensing_enabled\": true\n}","name":"ShowNode","pid":21592,"thread":"tokio-rt-worker","ts":"2026-04-19T13:40:04.922323Z"}}
{"data":{"completed_at":"2026-04-19T13:40:05.217232Z","elapsed":0.3054330050945282,"success":true},"info":{"category":"","code":"Q039","extra":{},"invocation_id":"019da5f8-46a0-7ca2-ac45-b607a3618546","level":"info","msg":"\n==================== Execution Summary =====================\nFinished 'license' successfully [305ms]","name":"CommandCompleted","pid":21592,"thread":"tokio-rt-worker","ts":"2026-04-19T13:40:05.218093Z"}}
